\BOOKMARK [1][-]{section.1}{Design brief and specification - Emma Saragossi}{}% 1
\BOOKMARK [2][-]{subsection.1.1}{Overview}{section.1}% 2
\BOOKMARK [2][-]{subsection.1.2}{Patient Application}{section.1}% 3
\BOOKMARK [2][-]{subsection.1.3}{Doctor Application}{section.1}% 4
\BOOKMARK [2][-]{subsection.1.4}{Tallis Application}{section.1}% 5
\BOOKMARK [2][-]{subsection.1.5}{Database}{section.1}% 6
\BOOKMARK [1][-]{section.2}{Clinical need - Emma Saragossi}{}% 7
\BOOKMARK [1][-]{section.3}{Application User Interface - Michael Fedosiuk}{}% 8
\BOOKMARK [2][-]{subsection.3.1}{Why a Web based application was chosen and what languages were used}{section.3}% 9
\BOOKMARK [3][-]{subsubsection.3.1.1}{HTML5}{subsection.3.1}% 10
\BOOKMARK [3][-]{subsubsection.3.1.2}{CSS3}{subsection.3.1}% 11
\BOOKMARK [3][-]{subsubsection.3.1.3}{JavaScript and JQuery}{subsection.3.1}% 12
\BOOKMARK [1][-]{section.4}{Patient Application - Michael Fedosiuk}{}% 13
\BOOKMARK [2][-]{subsection.4.1}{General format}{section.4}% 14
\BOOKMARK [2][-]{subsection.4.2}{patient/index.php}{section.4}% 15
\BOOKMARK [3][-]{subsubsection.4.2.1}{menu.php}{subsection.4.2}% 16
\BOOKMARK [3][-]{subsubsection.4.2.2}{update.php}{subsection.4.2}% 17
\BOOKMARK [3][-]{subsubsection.4.2.3}{Result pages}{subsection.4.2}% 18
\BOOKMARK [3][-]{subsubsection.4.2.4}{history.php}{subsection.4.2}% 19
\BOOKMARK [1][-]{section.5}{Doctor's Application - Emma Saragossi}{}% 20
\BOOKMARK [2][-]{subsection.5.1}{Function}{section.5}% 21
\BOOKMARK [2][-]{subsection.5.2}{User interface}{section.5}% 22
\BOOKMARK [3][-]{subsubsection.5.2.1}{General page structure - HTML}{subsection.5.2}% 23
\BOOKMARK [3][-]{subsubsection.5.2.2}{Optimizing layout for multiple browser dimensions}{subsection.5.2}% 24
\BOOKMARK [3][-]{subsubsection.5.2.3}{Text formatting}{subsection.5.2}% 25
\BOOKMARK [3][-]{subsubsection.5.2.4}{Logo image}{subsection.5.2}% 26
\BOOKMARK [2][-]{subsection.5.3}{User access}{section.5}% 27
\BOOKMARK [3][-]{subsubsection.5.3.1}{Login page}{subsection.5.3}% 28
\BOOKMARK [3][-]{subsubsection.5.3.2}{Internal pages}{subsection.5.3}% 29
\BOOKMARK [2][-]{subsection.5.4}{Creating a patient profile}{section.5}% 30
\BOOKMARK [3][-]{subsubsection.5.4.1}{Initial design}{subsection.5.4}% 31
\BOOKMARK [3][-]{subsubsection.5.4.2}{Separate patient creation form}{subsection.5.4}% 32
\BOOKMARK [2][-]{subsection.5.5}{News feed}{section.5}% 33
\BOOKMARK [2][-]{subsection.5.6}{Patient search bar}{section.5}% 34
\BOOKMARK [2][-]{subsection.5.7}{Extension ideas for the Doctor Application}{section.5}% 35
\BOOKMARK [1][-]{section.6}{Doctor's Application - Michael Fedosiuk}{}% 36
\BOOKMARK [2][-]{subsection.6.1}{currentpatients/index.php}{section.6}% 37
\BOOKMARK [3][-]{subsubsection.6.1.1}{Page Segments and Scaling}{subsection.6.1}% 38
\BOOKMARK [3][-]{subsubsection.6.1.2}{Patient Selector}{subsection.6.1}% 39
\BOOKMARK [3][-]{subsubsection.6.1.3}{Graph}{subsection.6.1}% 40
\BOOKMARK [3][-]{subsubsection.6.1.4}{Patient information}{subsection.6.1}% 41
\BOOKMARK [3][-]{subsubsection.6.1.5}{Tutorial, About Us and Site Terms}{subsection.6.1}% 42
\BOOKMARK [1][-]{section.7}{Uncertainty Metric - Michael Fedosiuk}{}% 43
\BOOKMARK [2][-]{subsection.7.1}{Data Sourcing}{section.7}% 44
\BOOKMARK [2][-]{subsection.7.2}{Metric Overview}{section.7}% 45
\BOOKMARK [2][-]{subsection.7.3}{Metric make up}{section.7}% 46
\BOOKMARK [3][-]{subsubsection.7.3.1}{Linear Regression}{subsection.7.3}% 47
\BOOKMARK [3][-]{subsubsection.7.3.2}{Pearson product-moment correlation coefficient}{subsection.7.3}% 48
\BOOKMARK [2][-]{subsection.7.4}{Metric Implementation}{section.7}% 49
\BOOKMARK [3][-]{subsubsection.7.4.1}{Data Input and calculation}{subsection.7.4}% 50
\BOOKMARK [3][-]{subsubsection.7.4.2}{Call the current uncertainty metric value from the data base}{subsection.7.4}% 51
\BOOKMARK [3][-]{subsubsection.7.4.3}{Calculating limits and test points for patient inputted data}{subsection.7.4}% 52
\BOOKMARK [3][-]{subsubsection.7.4.4}{Interaction with currentpatients.php page}{subsection.7.4}% 53
\BOOKMARK [2][-]{subsection.7.5}{Extensions}{section.7}% 54
\BOOKMARK [1][-]{section.8}{Tallis application}{}% 55
\BOOKMARK [2][-]{subsection.8.1}{Initial treatment selection - Emma Saragossi}{section.8}% 56
\BOOKMARK [1][-]{section.9}{Server Environment - Henry Fletcher}{}% 57
\BOOKMARK [2][-]{subsection.9.1}{Key Project Software}{section.9}% 58
\BOOKMARK [3][-]{subsubsection.9.1.1}{PHP: a server-side scripting language}{subsection.9.1}% 59
\BOOKMARK [3][-]{subsubsection.9.1.2}{MySQL: a relational database management system}{subsection.9.1}% 60
\BOOKMARK [3][-]{subsubsection.9.1.3}{Apache Web Server}{subsection.9.1}% 61
\BOOKMARK [3][-]{subsubsection.9.1.4}{Tallis: clinical decision making software}{subsection.9.1}% 62
\BOOKMARK [2][-]{subsection.9.2}{Server Environment Overview}{section.9}% 63
\BOOKMARK [2][-]{subsection.9.3}{Integrating Tallis \046 the MySQL database}{section.9}% 64
\BOOKMARK [2][-]{subsection.9.4}{Data storage \046 redundancy}{section.9}% 65
\BOOKMARK [3][-]{subsubsection.9.4.1}{Database normalisation}{subsection.9.4}% 66
\BOOKMARK [3][-]{subsubsection.9.4.2}{Database scalability}{subsection.9.4}% 67
\BOOKMARK [1][-]{section.10}{Security - Henry Fletcher}{}% 68
\BOOKMARK [2][-]{subsection.10.1}{NHS Guidelines for data transmission and storage}{section.10}% 69
\BOOKMARK [2][-]{subsection.10.2}{SSL Encryption}{section.10}% 70
\BOOKMARK [3][-]{subsubsection.10.2.1}{Overview}{subsection.10.2}% 71
\BOOKMARK [3][-]{subsubsection.10.2.2}{Server configuration}{subsection.10.2}% 72
\BOOKMARK [2][-]{subsection.10.3}{AES encryption}{section.10}% 73
\BOOKMARK [3][-]{subsubsection.10.3.1}{Overview}{subsection.10.3}% 74
\BOOKMARK [3][-]{subsubsection.10.3.2}{Implementing AES using MySQL}{subsection.10.3}% 75
\BOOKMARK [3][-]{subsubsection.10.3.3}{Implementation difficulties and subsequent removal from test system}{subsection.10.3}% 76
\BOOKMARK [2][-]{subsection.10.4}{Password Hashing}{section.10}% 77
\BOOKMARK [3][-]{subsubsection.10.4.1}{Example hash functions}{subsection.10.4}% 78
\BOOKMARK [3][-]{subsubsection.10.4.2}{Using hash functions in a login system}{subsection.10.4}% 79
\BOOKMARK [3][-]{subsubsection.10.4.3}{The first problem: Lookup tables}{subsection.10.4}% 80
\BOOKMARK [3][-]{subsubsection.10.4.4}{The second problem: Brute-force attacks}{subsection.10.4}% 81
\BOOKMARK [3][-]{subsubsection.10.4.5}{Hashing implementation in the 'Cardiac Track' application}{subsection.10.4}% 82
\BOOKMARK [2][-]{subsection.10.5}{MySQLi Connector}{section.10}% 83
\BOOKMARK [3][-]{subsubsection.10.5.1}{SQL injection example}{subsection.10.5}% 84
\BOOKMARK [3][-]{subsubsection.10.5.2}{Mitigating against SQL injection attacks}{subsection.10.5}% 85
\BOOKMARK [2][-]{subsection.10.6}{Other security considerations}{section.10}% 86
\BOOKMARK [3][-]{subsubsection.10.6.1}{Application access control}{subsection.10.6}% 87
\BOOKMARK [3][-]{subsubsection.10.6.2}{Access logging}{subsection.10.6}% 88
\BOOKMARK [3][-]{subsubsection.10.6.3}{Physical hardware security}{subsection.10.6}% 89
\BOOKMARK [1][-]{section.11}{Application PHP examples - Henry Fletcher}{}% 90
\BOOKMARK [2][-]{subsection.11.1}{Doctor's Login Form}{section.11}% 91
\BOOKMARK [2][-]{subsection.11.2}{Patient's Submission Form}{section.11}% 92
\BOOKMARK [1][-]{section.12}{Economic Viability - Michael Fedosiuk}{}% 93
\BOOKMARK [2][-]{subsection.12.1}{Cost benefits to the customer: Focused on NHS}{section.12}% 94
\BOOKMARK [3][-]{subsubsection.12.1.1}{Reduction in Strokes and Ischaemic heart disease}{subsection.12.1}% 95
\BOOKMARK [2][-]{subsection.12.2}{Implementation Costs}{section.12}% 96
\BOOKMARK [3][-]{subsubsection.12.2.1}{Comparables}{subsection.12.2}% 97
